<?xml version="1.0" encoding="UTF-8"?>
<testng-results ignored="0" total="1" passed="1" failed="0" skipped="0">
  <reporter-output>
  </reporter-output>
  <suite started-at="2024-12-13T21:34:26 IST" name="Default suite" finished-at="2024-12-13T21:34:45 IST" duration-ms="19132">
    <groups>
    </groups>
    <test started-at="2024-12-13T21:34:26 IST" name="Default test" finished-at="2024-12-13T21:34:45 IST" duration-ms="19132">
      <class name="com.baseclass.DataDrivenConcept">
        <test-method signature="datadriven()[pri:0, instance:com.baseclass.DataDrivenConcept@54bff557]" started-at="2024-12-13T21:34:26 IST" name="datadriven" finished-at="2024-12-13T21:34:45 IST" duration-ms="19075" status="PASS">
          <reporter-output>
          </reporter-output>
        </test-method> <!-- datadriven -->
      </class> <!-- com.baseclass.DataDrivenConcept -->
    </test> <!-- Default test -->
  </suite> <!-- Default suite -->
</testng-results>
